<?xml version="1.0" encoding="UTF-8"?>
<!-- Generated by org.testng.reporters.JUnitReportReporter -->
<testsuite hostname="DESKTOP-RN1VC9D" failures="0" tests="2" name="AA.TestingParallel" time="9.532" errors="0" timestamp="28 Apr 2019 18:15:23 GMT" skipped="0">
  <testcase classname="AA.TestingParallel" name="test2" time="4.531"/>
  <testcase classname="AA.TestingParallel" name="test1" time="5.001"/>
</testsuite> <!-- AA.TestingParallel -->
